<?xml version="1.0" encoding="UTF-8"?>
<testsuite xmlns:xsi="http://www.w3.org/2001/XMLSchema-instance" xsi:noNamespaceSchemaLocation="https://maven.apache.org/surefire/maven-surefire-plugin/xsd/surefire-test-report.xsd" name="software.house.springyugi.SpringYugi.DeckRepositoryTest" time="0.504" tests="2" errors="1" skipped="0" failures="0">
  <properties>
[...]
</properties>
  <testcase name="saveDeck" classname="software.house.springyugi.SpringYugi.DeckRepositoryTest" time="0.004">
    <error message="could not execute statement; SQL [n/a]; constraint [null]; nested exception is org.hibernate.exception.ConstraintViolationException: could not execute statement" type="org.springframework.dao.DataIntegrityViolationException">org.springframework.dao.DataIntegrityViolationException: could not execute statement; SQL [n/a]; constraint [null]; nested exception is org.hibernate.exception.ConstraintViolationException: could not execute statement
	at software.house.springyugi.SpringYugi.DeckRepositoryTest.saveDeck(DeckRepositoryTest.java:57)
Caused by: org.hibernate.exception.ConstraintViolationException: could not execute statement
	at software.house.springyugi.SpringYugi.DeckRepositoryTest.saveDeck(DeckRepositoryTest.java:57)
Caused by: org.h2.jdbc.JdbcSQLException: 
NULL not allowed for column "TIPO"; SQL statement:
insert into carta (descricao, imagem, nome, raridade, tipo, id) values (?, ?, ?, ?, ?, ?) [23502-197]
	at software.house.springyugi.SpringYugi.DeckRepositoryTest.saveDeck(DeckRepositoryTest.java:57)
</error>
    <system-out><![CDATA[2018-11-29 16:08:09.654  INFO 1080 --- [           main] b.t.a.o.j.DataJpaTestContextBootstrapper : Neither @ContextConfiguration nor @ContextHierarchy found for test class [software.house.springyugi.SpringYugi.DeckRepositoryTest], using SpringBootContextLoader
2018-11-29 16:08:09.678  INFO 1080 --- [           main] o.s.t.c.support.AbstractContextLoader    : Could not detect default resource locations for test class [software.house.springyugi.SpringYugi.DeckRepositoryTest]: no resource found for suffixes {-context.xml, Context.groovy}.
2018-11-29 16:08:09.678  INFO 1080 --- [           main] t.c.s.AnnotationConfigContextLoaderUtils : Could not detect default configuration classes for test class [software.house.springyugi.SpringYugi.DeckRepositoryTest]: DeckRepositoryTest does not declare any static, non-private, non-final, nested classes annotated with @Configuration.
2018-11-29 16:08:09.684  INFO 1080 --- [           main] .b.t.c.SpringBootTestContextBootstrapper : Found @SpringBootConfiguration software.house.springyugi.SpringYugi.SpringYugiApplication for test class software.house.springyugi.SpringYugi.DeckRepositoryTest
2018-11-29 16:08:09.685  INFO 1080 --- [           main] b.t.a.o.j.DataJpaTestContextBootstrapper : Loaded default TestExecutionListener class names from location [META-INF/spring.factories]: [org.springframework.boot.test.mock.mockito.MockitoTestExecutionListener, org.springframework.boot.test.mock.mockito.ResetMocksTestExecutionListener, org.springframework.boot.test.autoconfigure.restdocs.RestDocsTestExecutionListener, org.springframework.boot.test.autoconfigure.web.client.MockRestServiceServerResetTestExecutionListener, org.springframework.boot.test.autoconfigure.web.servlet.MockMvcPrintOnlyOnFailureTestExecutionListener, org.springframework.boot.test.autoconfigure.web.servlet.WebDriverTestExecutionListener, org.springframework.test.context.web.ServletTestExecutionListener, org.springframework.test.context.support.DirtiesContextBeforeModesTestExecutionListener, org.springframework.test.context.support.DependencyInjectionTestExecutionListener, org.springframework.test.context.support.DirtiesContextTestExecutionListener, org.springframework.test.context.transaction.TransactionalTestExecutionListener, org.springframework.test.context.jdbc.SqlScriptsTestExecutionListener, org.springframework.security.test.context.support.WithSecurityContextTestExecutionListener, org.springframework.security.test.context.support.ReactorContextTestExecutionListener]
2018-11-29 16:08:09.685  INFO 1080 --- [           main] b.t.a.o.j.DataJpaTestContextBootstrapper : Using TestExecutionListeners: [org.springframework.test.context.web.ServletTestExecutionListener@72eed547, org.springframework.test.context.support.DirtiesContextBeforeModesTestExecutionListener@69ffdaa8, org.springframework.boot.test.mock.mockito.MockitoTestExecutionListener@2a1e57c6, org.springframework.boot.test.autoconfigure.SpringBootDependencyInjectionTestExecutionListener@68d6f48e, org.springframework.test.context.support.DirtiesContextTestExecutionListener@6c96403e, org.springframework.test.context.transaction.TransactionalTestExecutionListener@7babed9e, org.springframework.test.context.jdbc.SqlScriptsTestExecutionListener@2353354a, org.springframework.security.test.context.support.WithSecurityContextTestExecutionListener@7c7ed72a, org.springframework.security.test.context.support.ReactorContextTestExecutionListener@22b7ef2b, org.springframework.boot.test.mock.mockito.ResetMocksTestExecutionListener@6d421fe, org.springframework.boot.test.autoconfigure.restdocs.RestDocsTestExecutionListener@3c17bd0b, org.springframework.boot.test.autoconfigure.web.client.MockRestServiceServerResetTestExecutionListener@36dafa24, org.springframework.boot.test.autoconfigure.web.servlet.MockMvcPrintOnlyOnFailureTestExecutionListener@2b098563, org.springframework.boot.test.autoconfigure.web.servlet.WebDriverTestExecutionListener@c758a2d]
2018-11-29 16:08:09.691  INFO 1080 --- [           main] o.s.t.c.transaction.TransactionContext   : Began transaction (1) for test context [DefaultTestContext@2ba024cb testClass = DeckRepositoryTest, testInstance = software.house.springyugi.SpringYugi.DeckRepositoryTest@7af0d91b, testMethod = saveDeck@DeckRepositoryTest, testException = [null], mergedContextConfiguration = [MergedContextConfiguration@1c7f6e96 testClass = DeckRepositoryTest, locations = '{}', classes = '{class software.house.springyugi.SpringYugi.SpringYugiApplication}', contextInitializerClasses = '[]', activeProfiles = '{}', propertySourceLocations = '{}', propertySourceProperties = '{org.springframework.boot.test.autoconfigure.orm.jpa.DataJpaTestContextBootstrapper=true}', contextCustomizers = set[[ImportsContextCustomizer@30ec211a key = [org.springframework.boot.autoconfigure.cache.CacheAutoConfiguration, org.springframework.boot.autoconfigure.data.jpa.JpaRepositoriesAutoConfiguration, org.springframework.boot.autoconfigure.flyway.FlywayAutoConfiguration, org.springframework.boot.autoconfigure.jdbc.DataSourceAutoConfiguration, org.springframework.boot.autoconfigure.jdbc.DataSourceTransactionManagerAutoConfiguration, org.springframework.boot.autoconfigure.jdbc.JdbcTemplateAutoConfiguration, org.springframework.boot.autoconfigure.liquibase.LiquibaseAutoConfiguration, org.springframework.boot.autoconfigure.orm.jpa.HibernateJpaAutoConfiguration, org.springframework.boot.autoconfigure.transaction.TransactionAutoConfiguration, org.springframework.boot.test.autoconfigure.jdbc.TestDatabaseAutoConfiguration, org.springframework.boot.test.autoconfigure.orm.jpa.TestEntityManagerAutoConfiguration]], org.springframework.boot.test.context.filter.ExcludeFilterContextCustomizer@780cb77, org.springframework.boot.test.json.DuplicateJsonObjectContextCustomizerFactory$DuplicateJsonObjectContextCustomizer@17c1bced, org.springframework.boot.test.mock.mockito.MockitoContextCustomizer@0, org.springframework.boot.test.autoconfigure.OverrideAutoConfigurationContextCustomizerFactory$DisableAutoConfigurationContextCustomizer@3c153a1, org.springframework.boot.test.autoconfigure.filter.TypeExcludeFiltersContextCustomizer@351584c0, org.springframework.boot.test.autoconfigure.properties.PropertyMappingContextCustomizer@ed16b923, org.springframework.boot.test.autoconfigure.web.servlet.WebDriverContextCustomizerFactory$Customizer@1198b989], contextLoader = 'org.springframework.boot.test.context.SpringBootContextLoader', parent = [null]], attributes = map[[empty]]]; transaction manager [org.springframework.orm.jpa.JpaTransactionManager@16b3c905]; rollback [true]
2018-11-29 16:08:09.708 DEBUG 1080 --- [           main] org.hibernate.SQL                        : call next value for hibernate_sequence
Hibernate: call next value for hibernate_sequence
2018-11-29 16:08:09.758 DEBUG 1080 --- [           main] org.hibernate.SQL                        : call next value for hibernate_sequence
Hibernate: call next value for hibernate_sequence
2018-11-29 16:08:09.759 DEBUG 1080 --- [           main] org.hibernate.SQL                        : call next value for hibernate_sequence
Hibernate: call next value for hibernate_sequence
2018-11-29 16:08:09.786 DEBUG 1080 --- [           main] org.hibernate.SQL                        : insert into deck (descricao, imagem, nome, id) values (?, ?, ?, ?)
Hibernate: insert into deck (descricao, imagem, nome, id) values (?, ?, ?, ?)
2018-11-29 16:08:09.787 TRACE 1080 --- [           main] o.h.type.descriptor.sql.BasicBinder      : binding parameter [1] as [VARCHAR] - [Deck generico]
2018-11-29 16:08:09.787 TRACE 1080 --- [           main] o.h.type.descriptor.sql.BasicBinder      : binding parameter [2] as [VARCHAR] - [images]
2018-11-29 16:08:09.787 TRACE 1080 --- [           main] o.h.type.descriptor.sql.BasicBinder      : binding parameter [3] as [VARCHAR] - [Deck de Teste]
2018-11-29 16:08:09.787 TRACE 1080 --- [           main] o.h.type.descriptor.sql.BasicBinder      : binding parameter [4] as [BIGINT] - [2]
2018-11-29 16:08:09.787 DEBUG 1080 --- [           main] org.hibernate.SQL                        : insert into carta (descricao, imagem, nome, raridade, tipo, id) values (?, ?, ?, ?, ?, ?)
Hibernate: insert into carta (descricao, imagem, nome, raridade, tipo, id) values (?, ?, ?, ?, ?, ?)
2018-11-29 16:08:09.787 TRACE 1080 --- [           main] o.h.type.descriptor.sql.BasicBinder      : binding parameter [1] as [VARCHAR] - [Carta de Teste]
2018-11-29 16:08:09.788 TRACE 1080 --- [           main] o.h.type.descriptor.sql.BasicBinder      : binding parameter [2] as [VARCHAR] - [images]
2018-11-29 16:08:09.788 TRACE 1080 --- [           main] o.h.type.descriptor.sql.BasicBinder      : binding parameter [3] as [VARCHAR] - [Generica]
2018-11-29 16:08:09.788 TRACE 1080 --- [           main] o.h.type.descriptor.sql.BasicBinder      : binding parameter [4] as [VARCHAR] - [Super Rara]
2018-11-29 16:08:09.788 TRACE 1080 --- [           main] o.h.type.descriptor.sql.BasicBinder      : binding parameter [5] as [VARBINARY] - [null]
2018-11-29 16:08:09.788 TRACE 1080 --- [           main] o.h.type.descriptor.sql.BasicBinder      : binding parameter [6] as [BIGINT] - [3]
2018-11-29 16:08:09.788  WARN 1080 --- [           main] o.h.engine.jdbc.spi.SqlExceptionHelper   : SQL Error: 23502, SQLState: 23502
2018-11-29 16:08:09.788 ERROR 1080 --- [           main] o.h.engine.jdbc.spi.SqlExceptionHelper   : NULL not allowed for column "TIPO"; SQL statement:
insert into carta (descricao, imagem, nome, raridade, tipo, id) values (?, ?, ?, ?, ?, ?) [23502-197]
2018-11-29 16:08:09.796  INFO 1080 --- [           main] o.s.t.c.transaction.TransactionContext   : Rolled back transaction for test: [DefaultTestContext@2ba024cb testClass = DeckRepositoryTest, testInstance = software.house.springyugi.SpringYugi.DeckRepositoryTest@7af0d91b, testMethod = saveDeck@DeckRepositoryTest, testException = org.springframework.dao.DataIntegrityViolationException: could not execute statement; SQL [n/a]; constraint [null]; nested exception is org.hibernate.exception.ConstraintViolationException: could not execute statement, mergedContextConfiguration = [MergedContextConfiguration@1c7f6e96 testClass = DeckRepositoryTest, locations = '{}', classes = '{class software.house.springyugi.SpringYugi.SpringYugiApplication}', contextInitializerClasses = '[]', activeProfiles = '{}', propertySourceLocations = '{}', propertySourceProperties = '{org.springframework.boot.test.autoconfigure.orm.jpa.DataJpaTestContextBootstrapper=true}', contextCustomizers = set[[ImportsContextCustomizer@30ec211a key = [org.springframework.boot.autoconfigure.cache.CacheAutoConfiguration, org.springframework.boot.autoconfigure.data.jpa.JpaRepositoriesAutoConfiguration, org.springframework.boot.autoconfigure.flyway.FlywayAutoConfiguration, org.springframework.boot.autoconfigure.jdbc.DataSourceAutoConfiguration, org.springframework.boot.autoconfigure.jdbc.DataSourceTransactionManagerAutoConfiguration, org.springframework.boot.autoconfigure.jdbc.JdbcTemplateAutoConfiguration, org.springframework.boot.autoconfigure.liquibase.LiquibaseAutoConfiguration, org.springframework.boot.autoconfigure.orm.jpa.HibernateJpaAutoConfiguration, org.springframework.boot.autoconfigure.transaction.TransactionAutoConfiguration, org.springframework.boot.test.autoconfigure.jdbc.TestDatabaseAutoConfiguration, org.springframework.boot.test.autoconfigure.orm.jpa.TestEntityManagerAutoConfiguration]], org.springframework.boot.test.context.filter.ExcludeFilterContextCustomizer@780cb77, org.springframework.boot.test.json.DuplicateJsonObjectContextCustomizerFactory$DuplicateJsonObjectContextCustomizer@17c1bced, org.springframework.boot.test.mock.mockito.MockitoContextCustomizer@0, org.springframework.boot.test.autoconfigure.OverrideAutoConfigurationContextCustomizerFactory$DisableAutoConfigurationContextCustomizer@3c153a1, org.springframework.boot.test.autoconfigure.filter.TypeExcludeFiltersContextCustomizer@351584c0, org.springframework.boot.test.autoconfigure.properties.PropertyMappingContextCustomizer@ed16b923, org.springframework.boot.test.autoconfigure.web.servlet.WebDriverContextCustomizerFactory$Customizer@1198b989], contextLoader = 'org.springframework.boot.test.context.SpringBootContextLoader', parent = [null]], attributes = map[[empty]]]
]]></system-out>
  </testcase>
  <testcase name="isDeckEmpty" classname="software.house.springyugi.SpringYugi.DeckRepositoryTest" time="0"/>
</testsuite>